mode: set
github.com/josenunesti/baas/entity/sku.go:19.78,30.2 3 1
github.com/josenunesti/baas/entity/sku.go:32.32,33.20 1 1
github.com/josenunesti/baas/entity/sku.go:36.2,36.12 1 1
github.com/josenunesti/baas/entity/sku.go:33.20,35.3 1 1
github.com/josenunesti/baas/entity/sku.go:39.77,41.2 1 1
github.com/josenunesti/baas/entity/sku.go:43.30,45.2 1 1
github.com/josenunesti/baas/entity/plain.go:19.90,27.18 3 1
github.com/josenunesti/baas/entity/plain.go:30.2,30.23 1 1
github.com/josenunesti/baas/entity/plain.go:27.18,29.3 1 1
github.com/josenunesti/baas/entity/plain.go:33.34,34.20 1 1
github.com/josenunesti/baas/entity/plain.go:37.2,37.23 1 1
github.com/josenunesti/baas/entity/plain.go:40.2,41.24 2 1
github.com/josenunesti/baas/entity/plain.go:44.2,44.12 1 1
github.com/josenunesti/baas/entity/plain.go:34.20,36.3 1 1
github.com/josenunesti/baas/entity/plain.go:37.23,39.3 1 1
github.com/josenunesti/baas/entity/plain.go:41.24,43.3 1 1
